<?xml version="1.0" encoding="UTF-8"?>
<!-- Generated by org.testng.reporters.JUnitReportReporter -->
<testsuite skipped="0" hostname="LAPTOP-8ONRQ0OO" name="com.crm.qa.TestCases.LoginPageTest" tests="3" failures="0" timestamp="2022-05-06T14:45:05 IST" time="34.093" errors="0">
  <testcase name="loginPageTitleTest" time="9.545" classname="com.crm.qa.TestCases.LoginPageTest"/>
  <system-out/>
  <testcase name="crmLogoImageTest" time="10.046" classname="com.crm.qa.TestCases.LoginPageTest"/>
  <system-out/>
  <testcase name="loginTest" time="14.502" classname="com.crm.qa.TestCases.LoginPageTest"/>
  <system-out/>
</testsuite> <!-- com.crm.qa.TestCases.LoginPageTest -->
